\BOOKMARK [1][-]{section.1}{contexte\040de\040campagne}{}% 1
\BOOKMARK [1][-]{section.2}{Sauvetage\040du\040Pelican}{}% 2
\BOOKMARK [2][-]{subsection.2.1}{La\040rencontre}{section.2}% 3
\BOOKMARK [2][-]{subsection.2.2}{Pelican\040Bay}{section.2}% 4
\BOOKMARK [2][-]{subsection.2.3}{Exploration}{section.2}% 5
\BOOKMARK [3][-]{subsubsection.2.3.1}{Le Droïde}{subsection.2.3}% 6
\BOOKMARK [3][-]{subsubsection.2.3.2}{Les\040Quartiers}{subsection.2.3}% 7
\BOOKMARK [3][-]{subsubsection.2.3.3}{Les\040Laboratoires}{subsection.2.3}% 8
\BOOKMARK [3][-]{subsubsection.2.3.4}{L'Armurerie}{subsection.2.3}% 9
\BOOKMARK [3][-]{subsubsection.2.3.5}{Le\040Pont}{subsection.2.3}% 10
\BOOKMARK [2][-]{subsection.2.4}{Le\040Hangard\0404-2}{section.2}% 11
\BOOKMARK [2][-]{subsection.2.5}{To be continue…}{section.2}% 12
\BOOKMARK [1][-]{section.3}{Pelican\040\(iA-1701\)}{}% 13
\BOOKMARK [2][-]{subsection.3.1}{Journal\040de\040bord}{section.3}% 14
\BOOKMARK [2][-]{subsection.3.2}{Industrial\040Automaton}{section.3}% 15
\BOOKMARK [2][-]{subsection.3.3}{Plan\040du\040vaisseau}{section.3}% 16
\BOOKMARK [1][-]{section.4}{Bestiaire}{}% 17
\BOOKMARK [2][-]{subsection.4.1}{Rakghoul}{section.4}% 18
\BOOKMARK [3][-]{subsubsection.4.1.1}{Traits}{subsection.4.1}% 19
\BOOKMARK [3][-]{subsubsection.4.1.2}{Défense}{subsection.4.1}% 20
\BOOKMARK [3][-]{subsubsection.4.1.3}{Attaque}{subsection.4.1}% 21
\BOOKMARK [3][-]{subsubsection.4.1.4}{Background}{subsection.4.1}% 22
\BOOKMARK [2][-]{subsection.4.2}{Rakghoul\040Amblyope}{section.4}% 23
\BOOKMARK [3][-]{subsubsection.4.2.1}{Traits}{subsection.4.2}% 24
\BOOKMARK [3][-]{subsubsection.4.2.2}{Défense}{subsection.4.2}% 25
\BOOKMARK [3][-]{subsubsection.4.2.3}{Attaque}{subsection.4.2}% 26
\BOOKMARK [3][-]{subsubsection.4.2.4}{Background}{subsection.4.2}% 27
\BOOKMARK [2][-]{subsection.4.3}{Vyna\040Anen}{section.4}% 28
\BOOKMARK [3][-]{subsubsection.4.3.1}{Traits}{subsection.4.3}% 29
\BOOKMARK [3][-]{subsubsection.4.3.2}{Défense}{subsection.4.3}% 30
\BOOKMARK [3][-]{subsubsection.4.3.3}{Background}{subsection.4.3}% 31
\BOOKMARK [2][-]{subsection.4.4}{Droïde R4 [Joker]}{section.4}% 32
